#
# A fatal error has been detected by the Java Runtime Environment:
#
#  EXCEPTION_ACCESS_VIOLATION (0xc0000005) at pc=0x00007ffb4ce26186, pid=18172, tid=3752
#
# JRE version: OpenJDK Runtime Environment Temurin-24+36 (24.0+36) (build 24+36)
# Java VM: OpenJDK 64-Bit Server VM Temurin-24+36 (24+36, mixed mode, sharing, tiered, compressed oops, compressed class ptrs, g1 gc, windows-amd64)
# Problematic frame:
# V  [jvm.dll+0x216186]
#
# No core dump will be written. Minidumps are not enabled by default on client versions of Windows
#
# If you would like to submit a bug report, please visit:
#   https://github.com/adoptium/adoptium-support/issues
#

---------------  S U M M A R Y ------------

Command Line: -Dstdout.encoding=UTF-8 -Dstderr.encoding=UTF-8 -Dnet.bytebuddy.agent.attacher.dump= net.bytebuddy.agent.Attacher com.sun.tools.attach.VirtualMachine 9620 C:\Users\MSI\.m2\repository\net\bytebuddy\byte-buddy-agent\1.15.11\byte-buddy-agent-1.15.11.jar false 

Host: 11th Gen Intel(R) Core(TM) i5-11400H @ 2.70GHz, 12 cores, 15G,  Windows 10 , 64 bit Build 19041 (10.0.19041.5678)
Time: Fri Apr 25 22:48:59 2025 Paris, Madrid (heure duild 19041 (10.0.19041.5678) elapsed time: 0.111254 seconds (0d 0h 0m 0s)

---------------  T H R E A D  ---------------

Current thread (0x000002149e4b06b0):  JavaThread "main"             [_thread_in_vm, id=3752, stack(0x00000020dfe00000,0x00000020dff00000) (1024K)]

Stack: [0x00000020dfe00000,0x00000020dff00000],  sp=0x00000020dfefeee0,  free space=1019k
Native frames: (J=compiled Java code, j=interpreted, Vv=VM code, C=native code)
V  [jvm.dll+0x216186]  (no source info available)
V  [jvm.dll+0x48bad1]  (no source info available)
C  [java.dll+0xcf27]  (no source info available)
C  [attach.dll+0x1d4e]  (no source info available)
C  [attach.dll+0x13e2]  (no source info available)
C  0x00000214b07ccf40  (no source info available)

The last pc belongs to native method entry point (kind = native) (printed below).
Java frames: (J=compiled Java code, j=interpreted, Vv=VM code)
j  sun.tools.attach.VirtualMachineImpl.createPipe(ILjava/lang/String;)J+0 jdk.attach@24
j  sun.tools.attach.VirtualMachineImpl.execute(Ljava/lang/String;[Ljava/lang/Object;)Ljava/io/InputStream;+39 jdk.attach@24
j  sun.tools.attach.HotSpotVirtualMachine.detectVersion()I+8 jdk.attach@24
j  sun.tools.attach.VirtualMachineImpl.<init>(Lcom/sun/tools/attach/spi/AttachProvider;Ljava/lang/String;)V+33 jdk.attach@24
j  sun.tools.attach.AttachProviderImpl.attachVirtualMachine(Ljava/lang/String;)Lcom/sun/tools/attach/VirtualMachine;+11 jdk.attach@24
j  com.sun.tools.attach.VirtualMachine.attach(Ljava/lang/String;)Lcom/sun/tools/attach/VirtualMachine;+69 jdk.attach@24
j  java.lang.invoke.DirectMethodHandle$Holder.invokeStatic(Ljava/lang/Object;Ljava/lang/Object;)Ljava/lang/Object;+10 java.base@24
j  java.lang.invoke.LambdaForm$MH+0x00000214c2002000.invoke(Ljava/lang/Object;Ljava/lang/Object;Ljava/lang/Object;)Ljava/lang/Object;+33 java.base@24
j  java.lang.invoke.Invokers$Holder.invokeExact_MT(Ljava/lang/Object;Ljava/lang/Object;Ljava/lang/Object;Ljava/lang/Object;)Ljava/lang/Object;+20 java.base@24
j  jdk.internal.reflect.DirectMethodHandleAccessor.invokeImpl(Ljava/lang/Object;[Ljava/lang/Object;)Ljava/lang/Object;+55 java.base@24
j  jdk.internal.reflect.DirectMethodHandleAccessor.invoke(Ljava/lang/Object;[Ljava/lang/Object;)Ljava/lang/Object;+23 java.base@24
j  java.lang.reflect.Method.invoke(Ljava/lang/Object;[Ljava/lang/Object;)Ljava/lang/Object;+102 java.base@24
j  net.bytebuddy.agent.Attacher.install(Ljava/lang/Class;Ljava/lang/String;Ljava/lang/String;ZLjava/lang/String;)V+24
j  net.bytebuddy.agent.Attacher.main([Ljava/lang/String;)V+86
v  ~StubRoutines::call_stub 0x00000214b07c0fcd

siginfo: EXCEPTION_ACCESS_VIOLATION (0xc0000005), reading address 0x0000000000000000


Registers:
RAX=0x0000000000000001, RBX=0x000002149e4b06b0, RCX=0x0000000000000000, RDX=0x0000000000000001
RSP=0x00000020dfefeee0, RBP=0x0000000000000001, RSI=0x0000000000000001, RDI=0x0000000000000001
R8 =0x00000020dfefef00, R9 =0x0000000000000000, R10=0x0000000000008000, R11=0x00000020dfefeec0
R12=0x0000000000000000, R13=0x000002150240ab30, R14=0x000002149e4b0a00, R15=0x000002149e4b06b0
RIP=0x00007ffb4ce26186, EFLAGS=0x0000000000010202

XMM[0]=0x0000020110000000 0x0018030000000012
XMM[1]=0x0000022000000020 0x0500000000000201
XMM[2]=0x0000000000000000 0x0000000000000000
XMM[3]=0x0000000000000000 0x0000000000000000
XMM[4]=0x0000000000000000 0x0000000000000000
XMM[5]=0x0000000000000000 0x0000000000000000
XMM[6]=0x0000000000000000 0x0000000000000000
XMM[7]=0x0000000000000000 0x0000000000000000
XMM[8]=0x0000000000000000 0x0000000000000000
XMM[9]=0x0000000000000000 0x0000000000000000
XMM[10]=0x0000000000000000 0x0000000000000000
XMM[11]=0x0000000000000000 0x0000000000000000
XMM[12]=0x0000000000000000 0x0000000000000000
XMM[13]=0x0000000000000000 0x0000000000000000
XMM[14]=0x0000000000000000 0x0000000000000000
XMM[15]=0x0000000000000000 0x0000000000000000
  MXCSR=0x00001fa0


Register to memory mapping:

RAX=0x0000000000000001 is an unknown value
RBX=0x000002149e4b06b0 is a thread
RCX=0x0 is null
RDX=0x0000000000000001 is an unknown value
RSP=0x00000020dfefeee0 is pointing into the stack for thread: 0x000002149e4b06b0
RBP=0x0000000000000001 is an unknown value
RSI=0x0000000000000001 is an unknown value
RDI=0x0000000000000001 is an unknown value
R8 =0x00000020dfefef00 is pointing into the stack for thread: 0x000002149e4b06b0
R9 =0x0 is null
R10=0x0000000000008000 is an unknown value
R11=0x00000020dfefeec0 is pointing into the stack for thread: 0x000002149e4b06b0
R12=0x0 is null
R13=0x000002150240ab30 is pointing into metadata
R14=0x000002149e4b0a00 points into unknown readable memory: 0x00000000ffffffff | ff ff ff ff 00 00 00 00
R15=0x000002149e4b06b0 is a thread

Top of Stack: (sp=0x00000020dfefeee0)
0x00000020dfefeee0:   00000214c0442070 00007ffc0ed147b1   p D......G......
0x00000020dfefeef0:   0000000000000000 000002149e480000   ..........H.....
0x00000020dfefef00:   000002149e4b06b0 00007ffb4d09bad1   ..K........M....
0x00000020dfefef10:   0000000000000000 00007ffc0ed41910   ................
0x00000020dfefef20:   0000000000000000 00007ffc0ca3e83f   ........?.......
0x00000020dfefef30:   000002149e4b0a78 00007ffbd3ffcf27   x.K.....'.......
0x00000020dfefef40:   0000000000000100 0000000000000001   ................
0x00000020dfefef50:   000011ce2580a9c6 0000000000000000   ...%............
0x00000020dfefef60:   000002149e4b06b0 000002149e4b0a78   ..K.....x.K.....
0x00000020dfefef70:   0000000000000000 00007ffbbb751d4e   ........N.u.....
0x00000020dfefef80:   0000000000000100 00000020dfeff1c8   ............ ...
0x00000020dfefef90:   0000000000000001 00000020dfeff020   ........ ... ...
0x00000020dfefefa0:   0000000000000000 0000000000000001   ................
0x00000020dfefefb0:   000002149e4b0a78 00007ffbbb7513e2   x.K.......u.....
0x00000020dfefefc0:   00000020dfeff000 000002149e4b0a01   .... .....K.....
0x00000020dfefefd0:   00000020dfeff1c8 0000000000000000   .... ...........
0x00000020dfefefe0:   0000000000000000 00007ffb4ce5d500   ...........L....
0x00000020dfefeff0:   0000000000000000 000000000000000a   ................
0x00000020dfeff000:   0000000000000018 00000215062f7990   .........y/.....
0x00000020dfeff010:   0000000000000000 0000000000000000   ................
0x00000020dfeff020:   0000000000000000 0000000000000000   ................
0x00000020dfeff030:   0000000000000000 0000000000000000   ................
0x00000020dfeff040:   0000000000000000 000000084d2df900   ..........-M....
0x00000020dfeff050:   00007ffb4d6f2a88 00000214c03f8408   .*oM......?.....
0x00000020dfeff060:   000000000000000b 0000000000001957   ........W.......
0x00000020dfeff070:   000002150240ab38 000002149e4b06b0   8.@.......K.....
0x00000020dfeff080:   0000000200000002 0000002000000002   ............ ...
0x00000020dfeff090:   000002149e4b0e00 0000002800000003   ..K.........(...
0x00000020dfeff0a0:   00000020dfeff1f0 000002150240ab30   .... ...0.@.....
0x00000020dfeff0b0:   0000000000000000 00000000000023ac   .........#......
0x00000020dfeff0c0:   0000000000000000 000002149e4b06b0   ..........K.....
0x00000020dfeff0d0:   00000020dfeff1c8 00007ffb4d027a75   .... ...uz.M....

Instructions: (pc=0x00007ffb4ce26186)
  0x00007ffb4ce26086:   ea 01 74 57 83 ea 01 74 3a 83 ea 01 74 1d 83 fa
  0x00007ffb4ce26096:   01 75 78 48 8d 05 a0 01 00 00 49 8b c9 48 89 05
  0x00007ffb4ce260a6:   e6 19 ad 00 48 83 c4 28 48 ff e0 48 8d 05 68 01
  0x00007ffb4ce260b6:   00 00 49 8b c9 48 89 05 ce 19 ad 00 48 83 c4 28
  0x00007ffb4ce260c6:   48 ff e0 48 8d 05 b0 00 00 00 49 8b c9 48 89 05
  0x00007ffb4ce260d6:   b6 19 ad 00 48 83 c4 28 48 ff e0 48 8d 05 38 6e
  0x00007ffb4ce260e6:   df ff 49 8b c9 48 89 05 9e 19 ad 00 48 83 c4 28
  0x00007ffb4ce260f6:   48 ff e0 48 8d 05 20 6e df ff 49 8b c9 48 89 05
  0x00007ffb4ce26106:   86 19 ad 00 48 83 c4 28 48 ff e0 48 8b 05 58 20
  0x00007ffb4ce26116:   ad 00 4c 8d 0d 69 65 7d 00 41 b8 e2 00 00 00 48
  0x00007ffb4ce26126:   8d 15 94 65 7d 00 b9 00 00 00 e0 c6 00 58 e8 67
  0x00007ffb4ce26136:   5d 09 00 cc cc cc cc cc cc cc 48 8b 51 30 48 85
  0x00007ffb4ce26146:   d2 74 2c 48 8b c2 83 e0 03 48 83 f8 01 75 0b 48
  0x00007ffb4ce26156:   8d 4a ff 48 ff 25 30 19 ad 00 48 83 f8 02 75 0b
  0x00007ffb4ce26166:   48 8d 4a fe 48 ff 25 af 7e ac 00 48 8b 02 c3 33
  0x00007ffb4ce26176:   c0 c3 cc cc cc cc cc cc cc cc 40 53 48 83 ec 20
=>0x00007ffb4ce26186:   48 8b 19 48 85 db 74 7a 48 89 7c 24 38 48 8b 3d
  0x00007ffb4ce26196:   8e 0e b3 00 80 bf 18 06 00 00 00 74 57 65 48 8b
  0x00007ffb4ce261a6:   04 25 58 00 00 00 8b 15 7a b4 b9 00 48 89 74 24
  0x00007ffb4ce261b6:   30 48 8b 34 d0 b8 48 00 00 00 80 3c 30 00 75 05
  0x00007ffb4ce261c6:   e8 9d 23 7d 00 ba 20 00 00 00 48 8d 8f f0 04 00
  0x00007ffb4ce261d6:   00 4c 8b c3 48 8b 14 32 48 83 c2 38 e8 89 4e 58
  0x00007ffb4ce261e6:   00 48 8b 74 24 30 48 8b c3 48 8b 7c 24 38 48 83
  0x00007ffb4ce261f6:   c4 20 5b c3 48 8b 7c 24 38 48 8b c3 48 83 c4 20
  0x00007ffb4ce26206:   5b c3 48 8b c3 48 83 c4 20 5b c3 cc cc cc cc cc
  0x00007ffb4ce26216:   cc cc cc cc cc cc cc cc cc cc 4c 8b c1 ba 44 20
  0x00007ffb4ce26226:   09 00 48 8b 0d f9 0d b3 00 e9 0c 65 df ff cc cc
  0x00007ffb4ce26236:   cc cc cc cc cc cc cc cc cc cc 48 8b 11 e9 58 fc
  0x00007ffb4ce26246:   ff ff cc cc cc cc cc cc cc cc 4c 8b c1 ba 64 20
  0x00007ffb4ce26256:   09 00 48 8b 0d c9 0d b3 00 e9 dc 64 df ff cc cc
  0x00007ffb4ce26266:   cc cc cc cc cc cc cc cc cc cc 48 89 5c 24 18 55
  0x00007ffb4ce26276:   57 41 56 48 83 ec 30 48 8b ea 4c 8b f1 e8 e8 13


Stack slot to memory mapping:

stack at sp + 0 slots: 0x00000214c0442070 points into unknown readable memory: 0x005c003f003f005c | 5c 00 3f 00 3f 00 5c 00
stack at sp + 1 slots: 0x00007ffc0ed147b1 ntdll.dll
stack at sp + 2 slots: 0x0 is null
stack at sp + 3 slots: 0x000002149e480000 points into unknown readable memory: 0x0000000000000000 | 00 00 00 00 00 00 00 00
stack at sp + 4 slots: 0x000002149e4b06b0 is a thread
stack at sp + 5 slots: 0x00007ffb4d09bad1 jvm.dll
stack at sp + 6 slots: 0x0 is null
stack at sp + 7 slots: 0x00007ffc0ed41910 ntdll.dll

Lock stack of current Java thread (top to bottom):

native method entry point (kind = native)  [0x00000214b07ccb60, 0x00000214b07cd6a0]  2880 bytes
[MachCode]
  0x00000214b07ccb60: 488b 4b08 | 0fb7 492e | 584c 8d74 | ccf8 6800 | 0000 0068 | 0000 0000 | 5055 488b | ec41 5568 
  0x00000214b07ccb80: 0000 0000 | 4c8b 6b08 | 4d8d 6d38 | 5348 8b53 | 0848 8b52 | 0848 8b52 | 1848 8b52 | 7048 8b12 
  0x00000214b07ccba0: 5248 8b53 | 1048 85d2 | 0f84 0700 | 0000 4881 | c208 0100 | 0052 488b | 5308 488b | 5208 488b 
  0x00000214b07ccbc0: 5210 5249 | 8bc6 482b | c548 c1e8 | 0350 6800 | 0000 0068 | f7ff ffff | 41c6 8771 | 0400 0001 
  0x00000214b07ccbe0: 488b 4310 | 4885 c074 | 208b 88cc | 0000 0083 | c102 8988 | cc00 0000 | 2388 e000 | 0000 0f84 
  0x00000214b07ccc00: ea09 0000 | e9cd 0000 | 0048 8b43 | 1848 85c0 | 0f85 b000 | 0000 e805 | 0000 00e9 | 9900 0000 
  0x00000214b07ccc20: 488b d348 | 8d44 2408 | 4c89 6dc0 | 498b cfc5 | f877 4989 | afb8 0300 | 0049 8987 | a803 0000 
  0x00000214b07ccc40: 4883 ec20 | 40f6 c40f | 0f84 1900 | 0000 4883 | ec08 48b8 | c04f 024d | fb7f 0000 | ffd0 4883 
  0x00000214b07ccc60: c408 e90c | 0000 0048 | b8c0 4f02 | 4dfb 7f00 | 00ff d048 | 83c4 2049 | c787 a803 | 0000 0000 
  0x00000214b07ccc80: 0000 49c7 | 87b8 0300 | 0000 0000 | 0049 c787 | b003 0000 | 0000 0000 | c5f8 7749 | 837f 0800 
  0x00000214b07ccca0: 0f84 0500 | 0000 e915 | 42ff ff4c | 8b6d c04c | 8b75 c84e | 8d74 f500 | c348 8b43 | 1848 85c0 
  0x00000214b07cccc0: 0f84 1000 | 0000 8b08 | 83c1 0289 | 0823 4814 | 0f84 1809 | 0000 493b | a7f0 0400 | 000f 8748 
  0x00000214b07ccce0: 0000 0089 | 8424 00f0 | ffff 8984 | 2400 e0ff | ff89 8424 | 00d0 ffff | 8984 2400 | c0ff ff89 
  0x00000214b07ccd00: 8424 00b0 | ffff 8984 | 2400 a0ff | ff89 8424 | 0090 ffff | 8984 2400 | 80ff ff49 | 3ba7 e804 
  0x00000214b07ccd20: 0000 7607 | 4989 a7f0 | 0400 0041 | c687 7104 | 0000 0048 | 8b5d e84c | 8b5b 0845 | 0fb7 5b2e 
  0x00000214b07ccd40: 41c1 e303 | 492b e348 | 83ec 2048 | 83e4 f04c | 8b5b 604d | 85db 0f85 | ab00 0000 | e805 0000 
  0x00000214b07ccd60: 00e9 9900 | 0000 488b | d348 8d44 | 2408 4c89 | 6dc0 498b | cfc5 f877 | 4989 afb8 | 0300 0049 
  0x00000214b07ccd80: 8987 a803 | 0000 4883 | ec20 40f6 | c40f 0f84 | 1900 0000 | 4883 ec08 | 48b8 007a | 024d fb7f 
  0x00000214b07ccda0: 0000 ffd0 | 4883 c408 | e90c 0000 | 0048 b800 | 7a02 4dfb | 7f00 00ff | d048 83c4 | 2049 c787 
  0x00000214b07ccdc0: a803 0000 | 0000 0000 | 49c7 87b8 | 0300 0000 | 0000 0049 | c787 b003 | 0000 0000 | 0000 c5f8 
  0x00000214b07ccde0: 7749 837f | 0800 0f84 | 0500 0000 | e9cf 40ff | ff4c 8b6d | c04c 8b75 | c84e 8d74 | f500 c348 
  0x00000214b07cce00: 8b5d e84c | 8b5b 6041 | ffd3 488b | 5de8 4889 | 4518 448b | 5b28 41f6 | c308 0f84 | 1b00 0000 
  0x00000214b07cce20: 4c8b 5b08 | 4d8b 5b08 | 4d8b 5b18 | 4d8b 5b70 | 4d8b 1b4c | 895d 1048 | 8d55 1048 | 8b43 5849 
  0x00000214b07cce40: bac0 b43b | 4dfb 7f00 | 0049 3bc2 | 0f85 ab00 | 0000 e805 | 0000 00e9 | 9900 0000 | 488b d348 
  0x00000214b07cce60: 8d44 2408 | 4c89 6dc0 | 498b cfc5 | f877 4989 | afb8 0300 | 0049 8987 | a803 0000 | 4883 ec20 
  0x00000214b07cce80: 40f6 c40f | 0f84 1900 | 0000 4883 | ec08 48b8 | 007a 024d | fb7f 0000 | ffd0 4883 | c408 e90c 
  0x00000214b07ccea0: 0000 0048 | b800 7a02 | 4dfb 7f00 | 00ff d048 | 83c4 2049 | c787 a803 | 0000 0000 | 0000 49c7 
  0x00000214b07ccec0: 87b8 0300 | 0000 0000 | 0049 c787 | b003 0000 | 0000 0000 | c5f8 7749 | 837f 0800 | 0f84 0500 
  0x00000214b07ccee0: 0000 e9d9 | 3fff ff4c | 8b6d c04c | 8b75 c84e | 8d74 f500 | c348 8b5d | e848 8b43 | 5849 8d8f 
  0x00000214b07ccf00: c803 0000 | 4c8d 15d5 | 0000 004d | 8997 b003 | 0000 c5f8 | 7749 89af | b803 0000 | 4989 a7a8 
  0x00000214b07ccf20: 0300 0041 | c787 5404 | 0000 0400 | 0000 493b | a748 0500 | 0076 0749 | 89a7 4805 | 0000 ffd0 
  0x00000214b07ccf40: 493b a748 | 0500 0072 | 0b49 c787 | 4805 0000 | 0000 0000 | c5f8 7748 | 83ec 10c5 | fb11 0424 
  0x00000214b07ccf60: 4883 ec10 | 4889 0424 | 48c7 4424 | 0800 0000 | 0041 c787 | 5404 0000 | 0500 0000 | f083 4424 
  0x00000214b07ccf80: c000 493b | 6f28 0f87 | 0e00 0000 | 4183 bf50 | 0400 0000 | 0f84 2000 | 0000 498b | cf4c 8be4 
  0x00000214b07ccfa0: 4883 ec20 | 4883 e4f0 | 48b8 f0da | 034d fb7f | 0000 ffd0 | 498b e44d | 33e4 41c7 | 8754 0400 
  0x00000214b07ccfc0: 0008 0000 | 004d 8b97 | 7005 0000 | 4983 fa00 | 7435 49c7 | 8770 0500 | 0000 0000 | 0041 ffe2 
  0x00000214b07ccfe0: 49ba 00bb | 7cb0 1402 | 0000 41ff | d248 83ec | 10c5 fb11 | 0424 4883 | ec10 4889 | 0424 48c7 
  0x00000214b07cd000: 4424 0800 | 0000 0049 | c787 a803 | 0000 0000 | 0000 49c7 | 87b8 0300 | 0000 0000 | 0049 c787 
  0x00000214b07cd020: b003 0000 | 0000 0000 | c5f8 774d | 8b9f 3804 | 0000 41c7 | 8300 0100 | 0000 0000 | 0049 bb3a 
  0x00000214b07cd040: a47c b014 | 0200 004c | 3b5d 180f | 855b 0200 | 0048 8b04 | 2448 83c4 | 1048 85c0 | 0f84 3502 
  0x00000214b07cd060: 0000 a803 | 0f85 0800 | 0000 488b | 00e9 2502 | 0000 a801 | 0f85 0900 | 0000 488b | 40fe e914 
  0x00000214b07cd080: 0200 0048 | 8b40 ff41 | 807f 4800 | 0f84 0502 | 0000 4883 | f800 0f84 | fb01 0000 | 4d8b 5f38 
  0x00000214b07cd0a0: 4d85 db0f | 8414 0000 | 0049 83eb | 084d 895f | 384d 035f | 4049 8903 | e9da 0100 | 0048 81ec 
  0x00000214b07cd0c0: f000 0000 | 4889 0424 | 4889 4c24 | 0848 8954 | 2410 4c89 | 4424 184c | 894c 2420 | 4c89 5424 
  0x00000214b07cd0e0: 284c 895c | 2430 c5fb | 1144 2440 | c5fb 114c | 2448 c5fb | 1154 2450 | c5fb 115c | 2458 c5fb 
  0x00000214b07cd100: 1164 2460 | c5fb 116c | 2468 62e1 | ff08 1144 | 240e 62e1 | ff08 114c | 240f 62e1 | ff08 1154 
  0x00000214b07cd120: 2410 62e1 | ff08 115c | 2411 62e1 | ff08 1164 | 2412 62e1 | ff08 116c | 2413 62e1 | ff08 1174 
  0x00000214b07cd140: 2414 62e1 | ff08 117c | 2415 6261 | ff08 1144 | 2416 6261 | ff08 114c | 2417 6261 | ff08 1154 
  0x00000214b07cd160: 2418 6261 | ff08 115c | 2419 6261 | ff08 1164 | 241a 6261 | ff08 116c | 241b 6261 | ff08 1174 
  0x00000214b07cd180: 241c 6261 | ff08 117c | 241d 498b | d748 8bc8 | 4883 ec20 | 40f6 c40f | 0f84 1900 | 0000 4883 
  0x00000214b07cd1a0: ec08 48b8 | c070 f64c | fb7f 0000 | ffd0 4883 | c408 e90c | 0000 0048 | b8c0 70f6 | 4cfb 7f00 
  0x00000214b07cd1c0: 00ff d048 | 83c4 2062 | 61ff 0810 | 7c24 1d62 | 61ff 0810 | 7424 1c62 | 61ff 0810 | 6c24 1b62 
  0x00000214b07cd1e0: 61ff 0810 | 6424 1a62 | 61ff 0810 | 5c24 1962 | 61ff 0810 | 5424 1862 | 61ff 0810 | 4c24 1762 
  0x00000214b07cd200: 61ff 0810 | 4424 1662 | e1ff 0810 | 7c24 1562 | e1ff 0810 | 7424 1462 | e1ff 0810 | 6c24 1362 
  0x00000214b07cd220: e1ff 0810 | 6424 1262 | e1ff 0810 | 5c24 1162 | e1ff 0810 | 5424 1062 | e1ff 0810 | 4c24 0f62 
  0x00000214b07cd240: e1ff 0810 | 4424 0ec5 | fb10 6c24 | 68c5 fb10 | 6424 60c5 | fb10 5c24 | 58c5 fb10 | 5424 50c5 
  0x00000214b07cd260: fb10 4c24 | 48c5 fb10 | 4424 404c | 8b5c 2430 | 4c8b 5424 | 284c 8b4c | 2420 4c8b | 4424 1848 
  0x00000214b07cd280: 8b54 2410 | 488b 4c24 | 0848 8b04 | 2448 81c4 | f000 0000 | c5f8 7748 | 8945 1048 | 83ec 1048 
  0x00000214b07cd2a0: 8904 2448 | c744 2408 | 0000 0000 | 4183 bfd0 | 0400 0002 | 0f85 bf00 | 0000 4881 | ec80 0000 
  0x00000214b07cd2c0: 0048 8944 | 2478 4889 | 4c24 7048 | 8954 2468 | 4889 5c24 | 6048 896c | 2450 4889 | 7424 4848 
  0x00000214b07cd2e0: 897c 2440 | 4c89 4424 | 384c 894c | 2430 4c89 | 5424 284c | 895c 2420 | 4c89 6424 | 184c 896c 
  0x00000214b07cd300: 2410 4c89 | 7424 084c | 893c 244c | 8be4 4883 | ec20 4883 | e4f0 48b8 | 609c 3b4d | fb7f 0000 
  0x00000214b07cd320: ffd0 498b | e44c 8b3c | 244c 8b74 | 2408 4c8b | 6c24 104c | 8b64 2418 | 4c8b 5c24 | 204c 8b54 
  0x00000214b07cd340: 2428 4c8b | 4c24 304c | 8b44 2438 | 488b 7c24 | 4048 8b74 | 2448 488b | 6c24 5048 | 8b5c 2460 
  0x00000214b07cd360: 488b 5424 | 6848 8b4c | 2470 488b | 4424 7848 | 81c4 8000 | 0000 4d33 | e448 8b5d | e84c 8b6b 
  0x00000214b07cd380: 084d 8d6d | 3849 837f | 0800 0f84 | bb00 0000 | e805 0000 | 00e9 9600 | 0000 488d | 4424 084c 
  0x00000214b07cd3a0: 896d c049 | 8bcf c5f8 | 7749 89af | b803 0000 | 4989 87a8 | 0300 0048 | 83ec 2040 | f6c4 0f0f 
  0x00000214b07cd3c0: 8419 0000 | 0048 83ec | 0848 b8a0 | 9802 4dfb | 7f00 00ff | d048 83c4 | 08e9 0c00 | 0000 48b8 
  0x00000214b07cd3e0: a098 024d | fb7f 0000 | ffd0 4883 | c420 49c7 | 87a8 0300 | 0000 0000 | 0049 c787 | b803 0000 
  0x00000214b07cd400: 0000 0000 | 49c7 87b0 | 0300 0000 | 0000 00c5 | f877 4983 | 7f08 000f | 8405 0000 | 00e9 9e3a 
  0x00000214b07cd420: ffff 4c8b | 6dc0 4c8b | 75c8 4e8d | 74f5 00c3 | 48b9 6004 | 6b4d fb7f | 0000 4883 | e4f0 48b8 
  0x00000214b07cd440: 60c6 284d | fb7f 0000 | ffd0 f444 | 8b5b 2841 | f6c3 200f | 8472 0100 | 0048 8d55 | a84c 8b5a 
  0x00000214b07cd460: 084d 85db | 0f85 bb00 | 0000 e805 | 0000 00e9 | 9600 0000 | 488d 4424 | 084c 896d | c049 8bcf 
  0x00000214b07cd480: c5f8 7749 | 89af b803 | 0000 4989 | 87a8 0300 | 0048 83ec | 2040 f6c4 | 0f0f 8419 | 0000 0048 
  0x00000214b07cd4a0: 83ec 0848 | b8d0 9702 | 4dfb 7f00 | 00ff d048 | 83c4 08e9 | 0c00 0000 | 48b8 d097 | 024d fb7f 
  0x00000214b07cd4c0: 0000 ffd0 | 4883 c420 | 49c7 87a8 | 0300 0000 | 0000 0049 | c787 b803 | 0000 0000 | 0000 49c7 
  0x00000214b07cd4e0: 87b0 0300 | 0000 0000 | 00c5 f877 | 4983 7f08 | 000f 8405 | 0000 00e9 | c439 ffff | 4c8b 6dc0 
  0x00000214b07cd500: 4c8b 75c8 | 4e8d 74f5 | 00c3 48b9 | 6004 6b4d | fb7f 0000 | 4883 e4f0 | 48b8 60c6 | 284d fb7f 
  0x00000214b07cd520: 0000 ffd0 | f44c 896d | c04c 8b4a | 0848 c742 | 0800 0000 | 0045 8b87 | 5806 0000 | 4f3b 4c07 
  0x00000214b07cd540: f80f 8542 | 0000 0041 | 83af 5806 | 0000 084f | 3b4c 07f0 | 0f84 2a00 | 0000 498b | 01a8 020f 
  0x00000214b07cd560: 8512 0000 | 004c 8bc0 | 4983 c801 | f04d 0fb1 | 010f 840d | 0000 0041 | 8387 5806 | 0000 08e9 
  0x00000214b07cd580: 0500 0000 | e93e 0000 | 004c 894a | 0848 8bca | 4883 ec20 | 40f6 c40f | 0f84 1900 | 0000 4883 
  0x00000214b07cd5a0: ec08 48b8 | f069 024d | fb7f 0000 | ffd0 4883 | c408 e90c | 0000 0048 | b8f0 6902 | 4dfb 7f00 
  0x00000214b07cd5c0: 00ff d048 | 83c4 204c | 8b6d c048 | 8b04 2448 | 83c4 10c5 | fb10 0424 | 4883 c410 | 4c8b 5d18 
  0x00000214b07cd5e0: 41ff d34c | 8b5d f8c9 | 5f49 8be3 | ffe7 ba00 | 0000 00e8 | 0500 0000 | e996 0000 | 0048 8d44 
  0x00000214b07cd600: 2408 4c89 | 6dc0 498b | cfc5 f877 | 4989 afb8 | 0300 0049 | 8987 a803 | 0000 4883 | ec20 40f6 
  0x00000214b07cd620: c40f 0f84 | 1900 0000 | 4883 ec08 | 48b8 905e | 024d fb7f | 0000 ffd0 | 4883 c408 | e90c 0000 
  0x00000214b07cd640: 0048 b890 | 5e02 4dfb | 7f00 00ff | d048 83c4 | 2049 c787 | a803 0000 | 0000 0000 | 49c7 87b8 
  0x00000214b07cd660: 0300 0000 | 0000 0049 | c787 b003 | 0000 0000 | 0000 c5f8 | 7749 837f | 0800 0f84 | 0500 0000 
  0x00000214b07cd680: e93b 38ff | ff4c 8b6d | c04c 8b75 | c84e 8d74 | f500 c348 | 8b5d e8e9 | 3af6 ffff | 0f1f 4000 
[/MachCode]

---------------  P R O C E S S  ---------------

Threads class SMR info:
_java_thread_list=0x00000214c03c8b90, length=11, elements={
0x000002149e4b06b0, 0x00000214c00f7ac0, 0x00000214c00f84c0, 0x00000214c00fdc20,
0x00000214c0340080, 0x00000214c0342be0, 0x00000214c0346e90, 0x00000214c0350660,
0x00000214c03546a0, 0x00000214c0345150, 0x00000214c03458a0
}

Java Threads: ( => current thread )
=>0x000002149e4b06b0 JavaThread "main"                              [_thread_in_vm, id=3752, stack(0x00000020dfe00000,0x00000020dff00000) (1024K)]
  0x00000214c00f7ac0 JavaThread "Reference Handler"          daemon [_thread_blocked, id=14356, stack(0x00000020e0600000,0x00000020e0700000) (1024K)]
  0x00000214c00f84c0 JavaThread "Finalizer"                  daemon [_thread_blocked, id=4232, stack(0x00000020e0700000,0x00000020e0800000) (1024K)]
  0x00000214c00fdc20 JavaThread "Signal Dispatcher"          daemon [_thread_blocked, id=18788, stack(0x00000020e0800000,0x00000020e0900000) (1024K)]
  0x00000214c0340080 JavaThread "Attach Listener"            daemon [_thread_blocked, id=1004, stack(0x00000020e0900000,0x00000020e0a00000) (1024K)]
  0x00000214c0342be0 JavaThread "Service Thread"             daemon [_thread_blocked, id=12760, stack(0x00000020e0a00000,0x00000020e0b00000) (1024K)]
  0x00000214c0346e90 JavaThread "Monitor Deflation Thread"   daemon [_thread_blocked, id=10860, stack(0x00000020e0b00000,0x00000020e0c00000) (1024K)]
  0x00000214c0350660 JavaThread "C2 CompilerThread0"         daemon [_thread_blocked, id=18192, stack(0x00000020e0c00000,0x00000020e0d00000) (1024K)]
  0x00000214c03546a0 JavaThread "C1 CompilerThread0"         daemon [_thread_blocked, id=16604, stack(0x00000020e0d00000,0x00000020e0e00000) (1024K)]
  0x00000214c0345150 JavaThread "Notification Thread"        daemon [_thread_blocked, id=19416, stack(0x00000020e0e00000,0x00000020e0f00000) (1024K)]
  0x00000214c03458a0 JavaThread "Common-Cleaner"             daemon [_thread_blocked, id=11624, stack(0x00000020e0f00000,0x00000020e1000000) (1024K)]
Total: 11

Other Threads:
  0x00000214c00e6f00 VMThread "VM Thread"                           [id=292, stack(0x00000020e0500000,0x00000020e0600000) (1024K)]
  0x00000214c00d6fd0 WatcherThread "VM Periodic Task Thread"        [id=9176, stack(0x00000020e0400000,0x00000020e0500000) (1024K)]
  0x00000214a07ebc90 WorkerThread "GC Thread#0"                     [id=14988, stack(0x00000020dff00000,0x00000020e0000000) (1024K)]
  0x00000214a0800610 ConcurrentGCThread "G1 Main Marker"            [id=8916, stack(0x00000020e0000000,0x00000020e0100000) (1024K)]
  0x00000214a08011b0 WorkerThread "G1 Conc#0"                       [id=16884, stack(0x00000020e0100000,0x00000020e0200000) (1024K)]
  0x00000214bff8e050 ConcurrentGCThread "G1 Refine#0"               [id=19044, stack(0x00000020e0200000,0x00000020e0300000) (1024K)]
  0x00000214bff8f9f0 ConcurrentGCThread "G1 Service"                [id=1496, stack(0x00000020e0300000,0x00000020e0400000) (1024K)]
Total: 7

Threads with active compile tasks:
Total: 0

VM state: not at safepoint (normal execution)

VM Mutex/Monitor currently owned by a thread: None

Heap address: 0x0000000704a00000, size: 4022 MB, Compressed Oops mode: Zero based, Oop shift amount: 3

CDS archive(s) mapped at: [0x00000214c1000000-0x00000214c1d40000-0x00000214c1d40000), size 13893632, SharedBaseAddress: 0x00000214c1000000, ArchiveRelocationMode: 1.
Compressed class space mapped at: 0x00000214c2000000-0x0000021502000000, reserved size: 1073741824
UseCompressedClassPointers 1, UseCompactObjectHeaders 0
Narrow klass pointer bits 32, Max shift 3
Narrow klass base: 0x00000214c1000000, Narrow klass shift: 0
Encoding Range: [0x00000214c1000000 - 0x00000215c1000000), (4294967296 bytes)
Klass Range:    [0x00000214c1000000 - 0x0000021502000000), (1090519040 bytes)
Klass ID Range:  [8 - 1090519033) (1090519025)

GC Precious Log:
 CardTable entry size: 512
 Card Set container configuration: InlinePtr #cards 4 size 8 Array Of Cards #cards 16 size 48 Howl #buckets 8 coarsen threshold 3686 Howl Bitmap #cards 512 size 80 coarsen threshold 460 Card regions per heap region 1 cards per card region 4096
 CPUs: 12 total, 12 available
 Memory: 16085M
 Large Page Support: Disabled
 NUMA Support: Disabled
 Compressed Oops: Enabled (Zero based)
 Heap Region Size: 2M
 Heap Min Capacity: 8M
 Heap Initial Capacity: 252M
 Heap Max Capacity: 4022M
 Pre-touch: Disabled
 Parallel Workers: 10
 Concurrent Workers: 3
 Concurrent Refinement Workers: 10
 Periodic GC: Disabled

Heap:
 garbage-first heap   total reserved 4118528K, committed 260096K, used 3184K [0x0000000704a00000, 0x0000000800000000)
  region size 2048K, 2 young (4096K), 0 survivors (0K)
 Metaspace       used 1015K, committed 1088K, reserved 1114112K
  class space    used 79K, committed 128K, reserved 1048576K

Heap Regions: E=young(eden), S=young(survivor), O=old, HS=humongous(starts), HC=humongous(continues), CS=collection set, F=free, TAMS=top-at-mark-start, PB=parsable bottom
|   0|0x0000000704a00000, 0x0000000704a00000, 0x0000000704c00000|  0%| F|  |TAMS 0x0000000704a00000| PB 0x0000000704a00000| Untracked |  0
|   1|0x0000000704c00000, 0x0000000704c00000, 0x0000000704e00000|  0%| F|  |TAMS 0x0000000704c00000| PB 0x0000000704c00000| Untracked |  0
|   2|0x0000000704e00000, 0x0000000704e00000, 0x0000000705000000|  0%| F|  |TAMS 0x0000000704e00000| PB 0x0000000704e00000| Untracked |  0
|   3|0x0000000705000000, 0x0000000705000000, 0x0000000705200000|  0%| F|  |TAMS 0x0000000705000000| PB 0x0000000705000000| Untracked |  0
|   4|0x0000000705200000, 0x0000000705200000, 0x0000000705400000|  0%| F|  |TAMS 0x0000000705200000| PB 0x0000000705200000| Untracked |  0
|   5|0x0000000705400000, 0x0000000705400000, 0x0000000705600000|  0%| F|  |TAMS 0x0000000705400000| PB 0x0000000705400000| Untracked |  0
|   6|0x0000000705600000, 0x0000000705600000, 0x0000000705800000|  0%| F|  |TAMS 0x0000000705600000| PB 0x0000000705600000| Untracked |  0
|   7|0x0000000705800000, 0x0000000705800000, 0x0000000705a00000|  0%| F|  |TAMS 0x0000000705800000| PB 0x0000000705800000| Untracked |  0
|   8|0x0000000705a00000, 0x0000000705a00000, 0x0000000705c00000|  0%| F|  |TAMS 0x0000000705a00000| PB 0x0000000705a00000| Untracked |  0
|   9|0x0000000705c00000, 0x0000000705c00000, 0x0000000705e00000|  0%| F|  |TAMS 0x0000000705c00000| PB 0x0000000705c00000| Untracked |  0
|  10|0x0000000705e00000, 0x0000000705e00000, 0x0000000706000000|  0%| F|  |TAMS 0x0000000705e00000| PB 0x0000000705e00000| Untracked |  0
|  11|0x0000000706000000, 0x0000000706000000, 0x0000000706200000|  0%| F|  |TAMS 0x0000000706000000| PB 0x0000000706000000| Untracked |  0
|  12|0x0000000706200000, 0x0000000706200000, 0x0000000706400000|  0%| F|  |TAMS 0x0000000706200000| PB 0x0000000706200000| Untracked |  0
|  13|0x0000000706400000, 0x0000000706400000, 0x0000000706600000|  0%| F|  |TAMS 0x0000000706400000| PB 0x0000000706400000| Untracked |  0
|  14|0x0000000706600000, 0x0000000706600000, 0x0000000706800000|  0%| F|  |TAMS 0x0000000706600000| PB 0x0000000706600000| Untracked |  0
|  15|0x0000000706800000, 0x0000000706800000, 0x0000000706a00000|  0%| F|  |TAMS 0x0000000706800000| PB 0x0000000706800000| Untracked |  0
|  16|0x0000000706a00000, 0x0000000706a00000, 0x0000000706c00000|  0%| F|  |TAMS 0x0000000706a00000| PB 0x0000000706a00000| Untracked |  0
|  17|0x0000000706c00000, 0x0000000706c00000, 0x0000000706e00000|  0%| F|  |TAMS 0x0000000706c00000| PB 0x0000000706c00000| Untracked |  0
|  18|0x0000000706e00000, 0x0000000706e00000, 0x0000000707000000|  0%| F|  |TAMS 0x0000000706e00000| PB 0x0000000706e00000| Untracked |  0
|  19|0x0000000707000000, 0x0000000707000000, 0x0000000707200000|  0%| F|  |TAMS 0x0000000707000000| PB 0x0000000707000000| Untracked |  0
|  20|0x0000000707200000, 0x0000000707200000, 0x0000000707400000|  0%| F|  |TAMS 0x0000000707200000| PB 0x0000000707200000| Untracked |  0
|  21|0x0000000707400000, 0x0000000707400000, 0x0000000707600000|  0%| F|  |TAMS 0x0000000707400000| PB 0x0000000707400000| Untracked |  0
|  22|0x0000000707600000, 0x0000000707600000, 0x0000000707800000|  0%| F|  |TAMS 0x0000000707600000| PB 0x0000000707600000| Untracked |  0
|  23|0x0000000707800000, 0x0000000707800000, 0x0000000707a00000|  0%| F|  |TAMS 0x0000000707800000| PB 0x0000000707800000| Untracked |  0
|  24|0x0000000707a00000, 0x0000000707a00000, 0x0000000707c00000|  0%| F|  |TAMS 0x0000000707a00000| PB 0x0000000707a00000| Untracked |  0
|  25|0x0000000707c00000, 0x0000000707c00000, 0x0000000707e00000|  0%| F|  |TAMS 0x0000000707c00000| PB 0x0000000707c00000| Untracked |  0
|  26|0x0000000707e00000, 0x0000000707e00000, 0x0000000708000000|  0%| F|  |TAMS 0x0000000707e00000| PB 0x0000000707e00000| Untracked |  0
|  27|0x0000000708000000, 0x0000000708000000, 0x0000000708200000|  0%| F|  |TAMS 0x0000000708000000| PB 0x0000000708000000| Untracked |  0
|  28|0x0000000708200000, 0x0000000708200000, 0x0000000708400000|  0%| F|  |TAMS 0x0000000708200000| PB 0x0000000708200000| Untracked |  0
|  29|0x0000000708400000, 0x0000000708400000, 0x0000000708600000|  0%| F|  |TAMS 0x0000000708400000| PB 0x0000000708400000| Untracked |  0
|  30|0x0000000708600000, 0x0000000708600000, 0x0000000708800000|  0%| F|  |TAMS 0x0000000708600000| PB 0x0000000708600000| Untracked |  0
|  31|0x0000000708800000, 0x0000000708800000, 0x0000000708a00000|  0%| F|  |TAMS 0x0000000708800000| PB 0x0000000708800000| Untracked |  0
|  32|0x0000000708a00000, 0x0000000708a00000, 0x0000000708c00000|  0%| F|  |TAMS 0x0000000708a00000| PB 0x0000000708a00000| Untracked |  0
|  33|0x0000000708c00000, 0x0000000708c00000, 0x0000000708e00000|  0%| F|  |TAMS 0x0000000708c00000| PB 0x0000000708c00000| Untracked |  0
|  34|0x0000000708e00000, 0x0000000708e00000, 0x0000000709000000|  0%| F|  |TAMS 0x0000000708e00000| PB 0x0000000708e00000| Untracked |  0
|  35|0x0000000709000000, 0x0000000709000000, 0x0000000709200000|  0%| F|  |TAMS 0x0000000709000000| PB 0x0000000709000000| Untracked |  0
|  36|0x0000000709200000, 0x0000000709200000, 0x0000000709400000|  0%| F|  |TAMS 0x0000000709200000| PB 0x0000000709200000| Untracked |  0
|  37|0x0000000709400000, 0x0000000709400000, 0x0000000709600000|  0%| F|  |TAMS 0x0000000709400000| PB 0x0000000709400000| Untracked |  0
|  38|0x0000000709600000, 0x0000000709600000, 0x0000000709800000|  0%| F|  |TAMS 0x0000000709600000| PB 0x0000000709600000| Untracked |  0
|  39|0x0000000709800000, 0x0000000709800000, 0x0000000709a00000|  0%| F|  |TAMS 0x0000000709800000| PB 0x0000000709800000| Untracked |  0
|  40|0x0000000709a00000, 0x0000000709a00000, 0x0000000709c00000|  0%| F|  |TAMS 0x0000000709a00000| PB 0x0000000709a00000| Untracked |  0
|  41|0x0000000709c00000, 0x0000000709c00000, 0x0000000709e00000|  0%| F|  |TAMS 0x0000000709c00000| PB 0x0000000709c00000| Untracked |  0
|  42|0x0000000709e00000, 0x0000000709e00000, 0x000000070a000000|  0%| F|  |TAMS 0x0000000709e00000| PB 0x0000000709e00000| Untracked |  0
|  43|0x000000070a000000, 0x000000070a000000, 0x000000070a200000|  0%| F|  |TAMS 0x000000070a000000| PB 0x000000070a000000| Untracked |  0
|  44|0x000000070a200000, 0x000000070a200000, 0x000000070a400000|  0%| F|  |TAMS 0x000000070a200000| PB 0x000000070a200000| Untracked |  0
|  45|0x000000070a400000, 0x000000070a400000, 0x000000070a600000|  0%| F|  |TAMS 0x000000070a400000| PB 0x000000070a400000| Untracked |  0
|  46|0x000000070a600000, 0x000000070a600000, 0x000000070a800000|  0%| F|  |TAMS 0x000000070a600000| PB 0x000000070a600000| Untracked |  0
|  47|0x000000070a800000, 0x000000070a800000, 0x000000070aa00000|  0%| F|  |TAMS 0x000000070a800000| PB 0x000000070a800000| Untracked |  0
|  48|0x000000070aa00000, 0x000000070aa00000, 0x000000070ac00000|  0%| F|  |TAMS 0x000000070aa00000| PB 0x000000070aa00000| Untracked |  0
|  49|0x000000070ac00000, 0x000000070ac00000, 0x000000070ae00000|  0%| F|  |TAMS 0x000000070ac00000| PB 0x000000070ac00000| Untracked |  0
|  50|0x000000070ae00000, 0x000000070ae00000, 0x000000070b000000|  0%| F|  |TAMS 0x000000070ae00000| PB 0x000000070ae00000| Untracked |  0
|  51|0x000000070b000000, 0x000000070b000000, 0x000000070b200000|  0%| F|  |TAMS 0x000000070b000000| PB 0x000000070b000000| Untracked |  0
|  52|0x000000070b200000, 0x000000070b200000, 0x000000070b400000|  0%| F|  |TAMS 0x000000070b200000| PB 0x000000070b200000| Untracked |  0
|  53|0x000000070b400000, 0x000000070b400000, 0x000000070b600000|  0%| F|  |TAMS 0x000000070b400000| PB 0x000000070b400000| Untracked |  0
|  54|0x000000070b600000, 0x000000070b600000, 0x000000070b800000|  0%| F|  |TAMS 0x000000070b600000| PB 0x000000070b600000| Untracked |  0
|  55|0x000000070b800000, 0x000000070b800000, 0x000000070ba00000|  0%| F|  |TAMS 0x000000070b800000| PB 0x000000070b800000| Untracked |  0
|  56|0x000000070ba00000, 0x000000070ba00000, 0x000000070bc00000|  0%| F|  |TAMS 0x000000070ba00000| PB 0x000000070ba00000| Untracked |  0
|  57|0x000000070bc00000, 0x000000070bc00000, 0x000000070be00000|  0%| F|  |TAMS 0x000000070bc00000| PB 0x000000070bc00000| Untracked |  0
|  58|0x000000070be00000, 0x000000070be00000, 0x000000070c000000|  0%| F|  |TAMS 0x000000070be00000| PB 0x000000070be00000| Untracked |  0
|  59|0x000000070c000000, 0x000000070c000000, 0x000000070c200000|  0%| F|  |TAMS 0x000000070c000000| PB 0x000000070c000000| Untracked |  0
|  60|0x000000070c200000, 0x000000070c200000, 0x000000070c400000|  0%| F|  |TAMS 0x000000070c200000| PB 0x000000070c200000| Untracked |  0
|  61|0x000000070c400000, 0x000000070c400000, 0x000000070c600000|  0%| F|  |TAMS 0x000000070c400000| PB 0x000000070c400000| Untracked |  0
|  62|0x000000070c600000, 0x000000070c600000, 0x000000070c800000|  0%| F|  |TAMS 0x000000070c600000| PB 0x000000070c600000| Untracked |  0
|  63|0x000000070c800000, 0x000000070c800000, 0x000000070ca00000|  0%| F|  |TAMS 0x000000070c800000| PB 0x000000070c800000| Untracked |  0
|  64|0x000000070ca00000, 0x000000070ca00000, 0x000000070cc00000|  0%| F|  |TAMS 0x000000070ca00000| PB 0x000000070ca00000| Untracked |  0
|  65|0x000000070cc00000, 0x000000070cc00000, 0x000000070ce00000|  0%| F|  |TAMS 0x000000070cc00000| PB 0x000000070cc00000| Untracked |  0
|  66|0x000000070ce00000, 0x000000070ce00000, 0x000000070d000000|  0%| F|  |TAMS 0x000000070ce00000| PB 0x000000070ce00000| Untracked |  0
|  67|0x000000070d000000, 0x000000070d000000, 0x000000070d200000|  0%| F|  |TAMS 0x000000070d000000| PB 0x000000070d000000| Untracked |  0
|  68|0x000000070d200000, 0x000000070d200000, 0x000000070d400000|  0%| F|  |TAMS 0x000000070d200000| PB 0x000000070d200000| Untracked |  0
|  69|0x000000070d400000, 0x000000070d400000, 0x000000070d600000|  0%| F|  |TAMS 0x000000070d400000| PB 0x000000070d400000| Untracked |  0
|  70|0x000000070d600000, 0x000000070d600000, 0x000000070d800000|  0%| F|  |TAMS 0x000000070d600000| PB 0x000000070d600000| Untracked |  0
|  71|0x000000070d800000, 0x000000070d800000, 0x000000070da00000|  0%| F|  |TAMS 0x000000070d800000| PB 0x000000070d800000| Untracked |  0
|  72|0x000000070da00000, 0x000000070da00000, 0x000000070dc00000|  0%| F|  |TAMS 0x000000070da00000| PB 0x000000070da00000| Untracked |  0
|  73|0x000000070dc00000, 0x000000070dc00000, 0x000000070de00000|  0%| F|  |TAMS 0x000000070dc00000| PB 0x000000070dc00000| Untracked |  0
|  74|0x000000070de00000, 0x000000070de00000, 0x000000070e000000|  0%| F|  |TAMS 0x000000070de00000| PB 0x000000070de00000| Untracked |  0
|  75|0x000000070e000000, 0x000000070e000000, 0x000000070e200000|  0%| F|  |TAMS 0x000000070e000000| PB 0x000000070e000000| Untracked |  0
|  76|0x000000070e200000, 0x000000070e200000, 0x000000070e400000|  0%| F|  |TAMS 0x000000070e200000| PB 0x000000070e200000| Untracked |  0
|  77|0x000000070e400000, 0x000000070e400000, 0x000000070e600000|  0%| F|  |TAMS 0x000000070e400000| PB 0x000000070e400000| Untracked |  0
|  78|0x000000070e600000, 0x000000070e600000, 0x000000070e800000|  0%| F|  |TAMS 0x000000070e600000| PB 0x000000070e600000| Untracked |  0
|  79|0x000000070e800000, 0x000000070e800000, 0x000000070ea00000|  0%| F|  |TAMS 0x000000070e800000| PB 0x000000070e800000| Untracked |  0
|  80|0x000000070ea00000, 0x000000070ea00000, 0x000000070ec00000|  0%| F|  |TAMS 0x000000070ea00000| PB 0x000000070ea00000| Untracked |  0
|  81|0x000000070ec00000, 0x000000070ec00000, 0x000000070ee00000|  0%| F|  |TAMS 0x000000070ec00000| PB 0x000000070ec00000| Untracked |  0
|  82|0x000000070ee00000, 0x000000070ee00000, 0x000000070f000000|  0%| F|  |TAMS 0x000000070ee00000| PB 0x000000070ee00000| Untracked |  0
|  83|0x000000070f000000, 0x000000070f000000, 0x000000070f200000|  0%| F|  |TAMS 0x000000070f000000| PB 0x000000070f000000| Untracked |  0
|  84|0x000000070f200000, 0x000000070f200000, 0x000000070f400000|  0%| F|  |TAMS 0x000000070f200000| PB 0x000000070f200000| Untracked |  0
|  85|0x000000070f400000, 0x000000070f400000, 0x000000070f600000|  0%| F|  |TAMS 0x000000070f400000| PB 0x000000070f400000| Untracked |  0
|  86|0x000000070f600000, 0x000000070f600000, 0x000000070f800000|  0%| F|  |TAMS 0x000000070f600000| PB 0x000000070f600000| Untracked |  0
|  87|0x000000070f800000, 0x000000070f800000, 0x000000070fa00000|  0%| F|  |TAMS 0x000000070f800000| PB 0x000000070f800000| Untracked |  0
|  88|0x000000070fa00000, 0x000000070fa00000, 0x000000070fc00000|  0%| F|  |TAMS 0x000000070fa00000| PB 0x000000070fa00000| Untracked |  0
|  89|0x000000070fc00000, 0x000000070fc00000, 0x000000070fe00000|  0%| F|  |TAMS 0x000000070fc00000| PB 0x000000070fc00000| Untracked |  0
|  90|0x000000070fe00000, 0x000000070fe00000, 0x0000000710000000|  0%| F|  |TAMS 0x000000070fe00000| PB 0x000000070fe00000| Untracked |  0
|  91|0x0000000710000000, 0x0000000710000000, 0x0000000710200000|  0%| F|  |TAMS 0x0000000710000000| PB 0x0000000710000000| Untracked |  0
|  92|0x0000000710200000, 0x0000000710200000, 0x0000000710400000|  0%| F|  |TAMS 0x0000000710200000| PB 0x0000000710200000| Untracked |  0
|  93|0x0000000710400000, 0x0000000710400000, 0x0000000710600000|  0%| F|  |TAMS 0x0000000710400000| PB 0x0000000710400000| Untracked |  0
|  94|0x0000000710600000, 0x0000000710600000, 0x0000000710800000|  0%| F|  |TAMS 0x0000000710600000| PB 0x0000000710600000| Untracked |  0
|  95|0x0000000710800000, 0x0000000710800000, 0x0000000710a00000|  0%| F|  |TAMS 0x0000000710800000| PB 0x0000000710800000| Untracked |  0
|  96|0x0000000710a00000, 0x0000000710a00000, 0x0000000710c00000|  0%| F|  |TAMS 0x0000000710a00000| PB 0x0000000710a00000| Untracked |  0
|  97|0x0000000710c00000, 0x0000000710c00000, 0x0000000710e00000|  0%| F|  |TAMS 0x0000000710c00000| PB 0x0000000710c00000| Untracked |  0
|  98|0x0000000710e00000, 0x0000000710e00000, 0x0000000711000000|  0%| F|  |TAMS 0x0000000710e00000| PB 0x0000000710e00000| Untracked |  0
|  99|0x0000000711000000, 0x0000000711000000, 0x0000000711200000|  0%| F|  |TAMS 0x0000000711000000| PB 0x0000000711000000| Untracked |  0
| 100|0x0000000711200000, 0x0000000711200000, 0x0000000711400000|  0%| F|  |TAMS 0x0000000711200000| PB 0x0000000711200000| Untracked |  0
| 101|0x0000000711400000, 0x0000000711400000, 0x0000000711600000|  0%| F|  |TAMS 0x0000000711400000| PB 0x0000000711400000| Untracked |  0
| 102|0x0000000711600000, 0x0000000711600000, 0x0000000711800000|  0%| F|  |TAMS 0x0000000711600000| PB 0x0000000711600000| Untracked |  0
| 103|0x0000000711800000, 0x0000000711800000, 0x0000000711a00000|  0%| F|  |TAMS 0x0000000711800000| PB 0x0000000711800000| Untracked |  0
| 104|0x0000000711a00000, 0x0000000711a00000, 0x0000000711c00000|  0%| F|  |TAMS 0x0000000711a00000| PB 0x0000000711a00000| Untracked |  0
| 105|0x0000000711c00000, 0x0000000711c00000, 0x0000000711e00000|  0%| F|  |TAMS 0x0000000711c00000| PB 0x0000000711c00000| Untracked |  0
| 106|0x0000000711e00000, 0x0000000711e00000, 0x0000000712000000|  0%| F|  |TAMS 0x0000000711e00000| PB 0x0000000711e00000| Untracked |  0
| 107|0x0000000712000000, 0x0000000712000000, 0x0000000712200000|  0%| F|  |TAMS 0x0000000712000000| PB 0x0000000712000000| Untracked |  0
| 108|0x0000000712200000, 0x0000000712200000, 0x0000000712400000|  0%| F|  |TAMS 0x0000000712200000| PB 0x0000000712200000| Untracked |  0
| 109|0x0000000712400000, 0x0000000712400000, 0x0000000712600000|  0%| F|  |TAMS 0x0000000712400000| PB 0x0000000712400000| Untracked |  0
| 110|0x0000000712600000, 0x0000000712600000, 0x0000000712800000|  0%| F|  |TAMS 0x0000000712600000| PB 0x0000000712600000| Untracked |  0
| 111|0x0000000712800000, 0x0000000712800000, 0x0000000712a00000|  0%| F|  |TAMS 0x0000000712800000| PB 0x0000000712800000| Untracked |  0
| 112|0x0000000712a00000, 0x0000000712a00000, 0x0000000712c00000|  0%| F|  |TAMS 0x0000000712a00000| PB 0x0000000712a00000| Untracked |  0
| 113|0x0000000712c00000, 0x0000000712c00000, 0x0000000712e00000|  0%| F|  |TAMS 0x0000000712c00000| PB 0x0000000712c00000| Untracked |  0
| 114|0x0000000712e00000, 0x0000000712e00000, 0x0000000713000000|  0%| F|  |TAMS 0x0000000712e00000| PB 0x0000000712e00000| Untracked |  0
| 115|0x0000000713000000, 0x0000000713000000, 0x0000000713200000|  0%| F|  |TAMS 0x0000000713000000| PB 0x0000000713000000| Untracked |  0
| 116|0x0000000713200000, 0x0000000713200000, 0x0000000713400000|  0%| F|  |TAMS 0x0000000713200000| PB 0x0000000713200000| Untracked |  0
| 117|0x0000000713400000, 0x0000000713400000, 0x0000000713600000|  0%| F|  |TAMS 0x0000000713400000| PB 0x0000000713400000| Untracked |  0
| 118|0x0000000713600000, 0x0000000713600000, 0x0000000713800000|  0%| F|  |TAMS 0x0000000713600000| PB 0x0000000713600000| Untracked |  0
| 119|0x0000000713800000, 0x0000000713800000, 0x0000000713a00000|  0%| F|  |TAMS 0x0000000713800000| PB 0x0000000713800000| Untracked |  0
| 120|0x0000000713a00000, 0x0000000713a00000, 0x0000000713c00000|  0%| F|  |TAMS 0x0000000713a00000| PB 0x0000000713a00000| Untracked |  0
| 121|0x0000000713c00000, 0x0000000713c00000, 0x0000000713e00000|  0%| F|  |TAMS 0x0000000713c00000| PB 0x0000000713c00000| Untracked |  0
| 122|0x0000000713e00000, 0x0000000713e00000, 0x0000000714000000|  0%| F|  |TAMS 0x0000000713e00000| PB 0x0000000713e00000| Untracked |  0
| 123|0x0000000714000000, 0x0000000714000000, 0x0000000714200000|  0%| F|  |TAMS 0x0000000714000000| PB 0x0000000714000000| Untracked |  0
| 124|0x0000000714200000, 0x00000007143ef8d0, 0x0000000714400000| 96%| E|  |TAMS 0x0000000714200000| PB 0x0000000714200000| Complete |  0
| 125|0x0000000714400000, 0x0000000714600000, 0x0000000714600000|100%| E|CS|TAMS 0x0000000714400000| PB 0x0000000714400000| Complete |  0
|2010|0x00000007ffe00000, 0x00000007fff1c338, 0x0000000800000000| 55%| O|  |TAMS 0x00000007ffe00000| PB 0x00000007ffe00000| Untracked |  0

Card table byte_map: [0x00000214b8fc0000,0x00000214b97a0000] _byte_map_base: 0x00000214b579b000

Marking Bits: (CMBitMap*) 0x00000214a07ec2b0
 Bits: [0x00000214b97a0000, 0x00000214bd678000)

Polling page: 0x000002149ff50000

Metaspace:

Usage:
  Non-class:    935.84 KB used.
      Class:     79.59 KB used.
       Both:   1015.43 KB used.

Virtual space:
  Non-class space:       64.00 MB reserved,     960.00 KB (  1%) committed,  1 nodes.
      Class space:        1.00 GB reserved,     128.00 KB ( <1%) committed,  1 nodes.
             Both:        1.06 GB reserved,       1.06 MB ( <1%) committed. 

Chunk freelists:
   Non-Class:  11.75 MB
       Class:  15.69 MB
        Both:  27.45 MB

MaxMetaspaceSize: unlimited
CompressedClassSpaceSize: 1.00 GB
Initial GC threshold: 21.00 MB
Current GC threshold: 21.00 MB
CDS: on
 - commit_granule_bytes: 65536.
 - commit_granule_words: 8192.
 - virtual_space_node_default_size: 8388608.
 - enlarge_chunks_in_place: 1.
UseCompressedClassPointers 1, UseCompactObjectHeaders 0
Narrow klass pointer bits 32, Max shift 3
Narrow klass base: 0x00000214c1000000, Narrow klass shift: 0
Encoding Range: [0x00000214c1000000 - 0x00000215c1000000), (4294967296 bytes)
Klass Range:    [0x00000214c1000000 - 0x0000021502000000), (1090519040 bytes)
Klass ID Range:  [8 - 1090519033) (1090519025)


Internal statistics:

num_allocs_failed_limit: 0.
num_arena_births: 40.
num_arena_deaths: 0.
num_vsnodes_births: 2.
num_vsnodes_deaths: 0.
num_space_committed: 17.
num_space_uncommitted: 0.
num_chunks_returned_to_freelist: 0.
num_chunks_taken_from_freelist: 58.
num_chunk_merges: 0.
num_chunk_splits: 39.
num_chunks_enlarged: 23.
num_inconsistent_stats: 0.

CodeHeap 'non-profiled nmethods': size=120064Kb used=99Kb max_used=99Kb free=119964Kb
 bounds [0x00000214b0d50000, 0x00000214b0fc0000, 0x00000214b8290000]
CodeHeap 'profiled nmethods': size=120000Kb used=346Kb max_used=346Kb free=119653Kb
 bounds [0x00000214a9290000, 0x00000214a9500000, 0x00000214b07c0000]
CodeHeap 'non-nmethods': size=5696Kb used=1348Kb max_used=1348Kb free=4347Kb
 bounds [0x00000214b07c0000, 0x00000214b0a30000, 0x00000214b0d50000]
CodeCache: size=245760Kb, used=1793Kb, max_used=1793Kb, free=243964Kb
 total_blobs=699, nmethods=280, adapters=325, full_count=0
Compilation: enabled, stopped_count=0, restarted_count=0

Compilation events (20 events):
Event: 0.102 Thread 0x00000214c03546a0  269       3       jdk.internal.classfile.impl.AbstractPoolEntry::hash2 (15 bytes)
Event: 0.102 Thread 0x00000214c03546a0 nmethod 269 0x00000214a92e2e08 code [0x00000214a92e2f20, 0x00000214a92e3028]
Event: 0.102 Thread 0x00000214c03546a0  272       3       jdk.internal.classfile.impl.AbstractPoolEntry$Utf8EntryImpl::writeTo (44 bytes)
Event: 0.102 Thread 0x00000214c03546a0 nmethod 272 0x00000214a92e3108 code [0x00000214a92e3260, 0x00000214a92e3640]
Event: 0.102 Thread 0x00000214c03546a0  273       3       jdk.internal.classfile.impl.BufWriterImpl::writeUtfEntry (144 bytes)
Event: 0.103 Thread 0x00000214c03546a0 nmethod 273 0x00000214a92e3688 code [0x00000214a92e3980, 0x00000214a92e5748]
Event: 0.103 Thread 0x00000214c03546a0  274       3       java.lang.System$1::countNonZeroAscii (5 bytes)
Event: 0.104 Thread 0x00000214c03546a0 nmethod 274 0x00000214a92e5808 code [0x00000214a92e5980, 0x00000214a92e5f88]
Event: 0.104 Thread 0x00000214c03546a0  277       3       java.util.AbstractCollection::<init> (5 bytes)
Event: 0.104 Thread 0x00000214c03546a0 nmethod 277 0x00000214a92e6008 code [0x00000214a92e6120, 0x00000214a92e6280]
Event: 0.104 Thread 0x00000214c03546a0  271       1       jdk.internal.classfile.impl.AbstractPoolEntry$NameAndTypeEntryImpl::tag (3 bytes)
Event: 0.104 Thread 0x00000214c03546a0 nmethod 271 0x00000214b0d68088 code [0x00000214b0d68180, 0x00000214b0d68248]
Event: 0.104 Thread 0x00000214c03546a0  264       3       java.lang.invoke.MethodType::methodType (69 bytes)
Event: 0.104 Thread 0x00000214c03546a0 nmethod 264 0x00000214a92e6308 code [0x00000214a92e6480, 0x00000214a92e6910]
Event: 0.104 Thread 0x00000214c03546a0  278       1       java.lang.invoke.LambdaForm$Name::index (5 bytes)
Event: 0.104 Thread 0x00000214c03546a0 nmethod 278 0x00000214b0d68388 code [0x00000214b0d68480, 0x00000214b0d68548]
Event: 0.104 Thread 0x00000214c03546a0  279       1       jdk.internal.classfile.impl.UnboundAttribute::attributeMapper (5 bytes)
Event: 0.104 Thread 0x00000214c03546a0 nmethod 279 0x00000214b0d68688 code [0x00000214b0d68780, 0x00000214b0d68848]
Event: 0.104 Thread 0x00000214c03546a0  280       1       jdk.internal.classfile.impl.AbstractDirectBuilder::setOriginal (6 bytes)
Event: 0.104 Thread 0x00000214c03546a0 nmethod 280 0x00000214b0d68988 code [0x00000214b0d68aa0, 0x00000214b0d68bb8]

GC Heap History (0 events):
No events

Dll operation events (7 events):
Event: 0.005 Loaded shared library C:\Users\MSI\AppData\Roaming\Code\User\globalStorage\pleiades.java-extension-pack-jdk\java\latest\bin\java.dll
Event: 0.025 Loaded shared library C:\Users\MSI\AppData\Roaming\Code\User\globalStorage\pleiades.java-extension-pack-jdk\java\latest\bin\jsvml.dll
Event: 0.029 Loaded shared library C:\Users\MSI\AppData\Roaming\Code\User\globalStorage\pleiades.java-extension-pack-jdk\java\latest\bin\net.dll
Event: 0.030 Loaded shared library C:\Users\MSI\AppData\Roaming\Code\User\globalStorage\pleiades.java-extension-pack-jdk\java\latest\bin\nio.dll
Event: 0.042 Loaded shared library C:\Users\MSI\AppData\Roaming\Code\User\globalStorage\pleiades.java-extension-pack-jdk\java\latest\bin\zip.dll
Event: 0.045 Loaded shared library C:\Users\MSI\AppData\Roaming\Code\User\globalStorage\pleiades.java-extension-pack-jdk\java\latest\bin\jimage.dll
Event: 0.059 Loaded shared library C:\Program Files\Java\jdk-17\bin\attach.dll

Deoptimization events (0 events):
No events

Classes loaded (20 events):
Event: 0.097 Loading class java/util/AbstractQueue done
Event: 0.097 Loading class java/util/concurrent/SynchronousQueue done
Event: 0.098 Loading class java/util/concurrent/SynchronousQueue$Transferer
Event: 0.098 Loading class java/util/concurrent/LinkedTransferQueue
Event: 0.098 Loading class java/util/concurrent/TransferQueue
Event: 0.098 Loading class java/util/concurrent/TransferQueue done
Event: 0.098 Loading class java/util/concurrent/LinkedTransferQueue done
Event: 0.098 Loading class java/util/concurrent/SynchronousQueue$Transferer done
Event: 0.098 Loading class java/util/concurrent/LinkedTransferQueue$DualNode
Event: 0.098 Loading class java/util/concurrent/ForkJoinPool$ManagedBlocker
Event: 0.098 Loading class java/util/concurrent/ForkJoinPool$ManagedBlocker done
Event: 0.098 Loading class java/util/concurrent/LinkedTransferQueue$DualNode done
Event: 0.098 Loading class java/lang/invoke/VarHandleInts$FieldInstanceReadWrite
Event: 0.098 Loading class java/lang/invoke/VarHandleInts$FieldInstanceReadOnly
Event: 0.098 Loading class java/lang/invoke/VarHandleInts$FieldInstanceReadOnly done
Event: 0.098 Loading class java/lang/invoke/VarHandleInts$FieldInstanceReadWrite done
Event: 0.098 Loading class java/util/concurrent/locks/AbstractQueuedSynchronizer$ConditionObject
Event: 0.099 Loading class java/util/concurrent/locks/Condition
Event: 0.099 Loading class java/util/concurrent/locks/Condition done
Event: 0.099 Loading class java/util/concurrent/locks/AbstractQueuedSynchronizer$ConditionObject done

Classes unloaded (0 events):
No events

Classes redefined (0 events):
No events

Internal exceptions (6 events):
Event: 0.073 Thread 0x000002149e4b06b0 Exception <a 'java/lang/NoSuchMethodError'{0x00000007144bfc08}: 'java.lang.Object java.lang.invoke.DirectMethodHandle$Holder.newInvokeSpecial(java.lang.Object, java.lang.Object, int)'> (0x00000007144bfc08) 
thrown [s\src\hotspot\share\interpreter\linkResolver.cpp, line 805]
Event: 0.075 Thread 0x000002149e4b06b0 Exception <a 'java/lang/NoSuchMethodError'{0x00000007144d91a8}: 'java.lang.Object java.lang.invoke.DirectMethodHandle$Holder.invokeStatic(java.lang.Object, java.lang.Object, java.lang.Object, java.lang.Object, int)'> (0x00000007144d91a8) 
thrown [s\src\hotspot\share\interpreter\linkResolver.cpp, line 805]
Event: 0.076 Thread 0x000002149e4b06b0 Exception <a 'java/lang/NoSuchMethodError'{0x00000007144eb5e8}: 'int java.lang.invoke.DirectMethodHandle$Holder.invokeSpecial(java.lang.Object, java.lang.Object, java.lang.Object)'> (0x00000007144eb5e8) 
thrown [s\src\hotspot\share\interpreter\linkResolver.cpp, line 805]
Event: 0.094 Thread 0x000002149e4b06b0 Exception <a 'java/lang/NoSuchMethodError'{0x0000000714345fa8}: 'java.lang.Object java.lang.invoke.DirectMethodHandle$Holder.invokeStatic(java.lang.Object, long, java.lang.Object)'> (0x0000000714345fa8) 
thrown [s\src\hotspot\share\interpreter\linkResolver.cpp, line 805]
Event: 0.095 Thread 0x000002149e4b06b0 Exception <a 'java/lang/NoSuchMethodError'{0x000000071434dea0}: 'java.lang.Object java.lang.invoke.DirectMethodHandle$Holder.invokeStaticInit(java.lang.Object, long, java.lang.Object)'> (0x000000071434dea0) 
thrown [s\src\hotspot\share\interpreter\linkResolver.cpp, line 805]
Event: 0.096 Thread 0x000002149e4b06b0 Exception <a 'java/lang/NoSuchMethodError'{0x000000071435d268}: 'java.lang.Object java.lang.invoke.DirectMethodHandle$Holder.newInvokeSpecial(java.lang.Object, long)'> (0x000000071435d268) 
thrown [s\src\hotspot\share\interpreter\linkResolver.cpp, line 805]

VM Operations (0 events):
No events

Memory protections (0 events):
No events

Nmethod flushes (0 events):
No events

Events (11 events):
Event: 0.015 Thread 0x000002149e4b06b0 Thread added: 0x000002149e4b06b0
Event: 0.023 Thread 0x000002149e4b06b0 Thread added: 0x00000214c00f7ac0
Event: 0.023 Thread 0x000002149e4b06b0 Thread added: 0x00000214c00f84c0
Event: 0.023 Thread 0x000002149e4b06b0 Thread added: 0x00000214c00fdc20
Event: 0.023 Thread 0x000002149e4b06b0 Thread added: 0x00000214c0340080
Event: 0.023 Thread 0x000002149e4b06b0 Thread added: 0x00000214c0342be0
Event: 0.023 Thread 0x000002149e4b06b0 Thread added: 0x00000214c0346e90
Event: 0.023 Thread 0x000002149e4b06b0 Thread added: 0x00000214c0350660
Event: 0.023 Thread 0x000002149e4b06b0 Thread added: 0x00000214c03546a0
Event: 0.026 Thread 0x000002149e4b06b0 Thread added: 0x00000214c0345150
Event: 0.027 Thread 0x000002149e4b06b0 Thread added: 0x00000214c03458a0


Dynamic libraries:
0x00007ff623520000 - 0x00007ff62352e000 	C:\Users\MSI\AppData\Roaming\Code\User\globalStorage\pleiades.java-extension-pack-jdk\java\latest\bin\java.exe
0x00007ffc0ecf0000 - 0x00007ffc0eee8000 	C:\Windows\SYSTEM32\ntdll.dll
0x00007ffc0db40000 - 0x00007ffc0dc02000 	C:\Windows\System32\KERNEL32.DLL
0x00007ffc0ca10000 - 0x00007ffc0cd06000 	C:\Windows\System32\KERNELBASE.dll
0x00007ffc0c4d0000 - 0x00007ffc0c5d0000 	C:\Windows\System32\ucrtbase.dll
0x00007ffc005c0000 - 0x00007ffc005de000 	C:\Users\MSI\AppData\Roaming\Code\User\globalStorage\pleiades.java-extension-pack-jdk\java\latest\bin\VCRUNTIME140.dll
0x00007ffc04640000 - 0x00007ffc04656000 	C:\Users\MSI\AppData\Roaming\Code\User\globalStorage\pleiades.java-extension-pack-jdk\java\latest\bin\jli.dll
0x00007ffc0e910000 - 0x00007ffc0eaad000 	C:\Windows\System32\USER32.dll
0x00007ffbee160000 - 0x00007ffbee3fa000 	C:\Windows\WinSxS\amd64_microsoft.windows.common-controls_6595b64144ccf1df_6.0.19041.4355_none_60b8b9eb71f62e16\COMCTL32.dll
0x00007ffc0c4a0000 - 0x00007ffc0c4c2000 	C:\Windows\System32\win32u.dll
0x00007ffc0e750000 - 0x00007ffc0e77b000 	C:\Windows\System32\GDI32.dll
0x00007ffc0daa0000 - 0x00007ffc0db3e000 	C:\Windows\System32\msvcrt.dll
0x00007ffc0c620000 - 0x00007ffc0c73a000 	C:\Windows\System32\gdi32full.dll
0x00007ffc0c400000 - 0x00007ffc0c49d000 	C:\Windows\System32\msvcp_win.dll
0x00007ffc0e440000 - 0x00007ffc0e46f000 	C:\Windows\System32\IMM32.DLL
0x00007ffc039b0000 - 0x00007ffc039bc000 	C:\Users\MSI\AppData\Roaming\Code\User\globalStorage\pleiades.java-extension-pack-jdk\java\latest\bin\vcruntime140_1.dll
0x00007ffba8000000 - 0x00007ffba808d000 	C:\Users\MSI\AppData\Roaming\Code\User\globalStorage\pleiades.java-extension-pack-jdk\java\latest\bin\msvcp140.dll
0x00007ffb4cc10000 - 0x00007ffb4da7b000 	C:\Users\MSI\AppData\Roaming\Code\User\globalStorage\pleiades.java-extension-pack-jdk\java\latest\bin\server\jvm.dll
0x00007ffc0d610000 - 0x00007ffc0d6bf000 	C:\Windows\System32\ADVAPI32.dll
0x00007ffc0d550000 - 0x00007ffc0d5ef000 	C:\Windows\System32\sechost.dll
0x00007ffc0e470000 - 0x00007ffc0e593000 	C:\Windows\System32\RPCRT4.dll
0x00007ffc0c7f0000 - 0x00007ffc0c817000 	C:\Windows\System32\bcrypt.dll
0x00007ffc0da20000 - 0x00007ffc0da8b000 	C:\Windows\System32\WS2_32.dll
0x00007ffc0b910000 - 0x00007ffc0b95b000 	C:\Windows\SYSTEM32\POWRPROF.dll
0x00007ffbfe190000 - 0x00007ffbfe1b7000 	C:\Windows\SYSTEM32\WINMM.dll
0x00007ffc04c00000 - 0x00007ffc04c0a000 	C:\Windows\SYSTEM32\VERSION.dll
0x00007ffc0b780000 - 0x00007ffc0b792000 	C:\Windows\SYSTEM32\UMPDC.dll
0x00007ffc0aba0000 - 0x00007ffc0abb2000 	C:\Windows\SYSTEM32\kernel.appcore.dll
0x00007ffbe5170000 - 0x00007ffbe517a000 	C:\Users\MSI\AppData\Roaming\Code\User\globalStorage\pleiades.java-extension-pack-jdk\java\latest\bin\jimage.dll
0x00007ffc0a110000 - 0x00007ffc0a2f4000 	C:\Windows\SYSTEM32\DBGHELP.DLL
0x00007ffc00fa0000 - 0x00007ffc00fd4000 	C:\Windows\SYSTEM32\dbgcore.DLL
0x00007ffc0c980000 - 0x00007ffc0ca02000 	C:\Windows\System32\bcryptPrimitives.dll
0x00007ffbd3ff0000 - 0x00007ffbd400e000 	C:\Users\MSI\AppData\Roaming\Code\User\globalStorage\pleiades.java-extension-pack-jdk\java\latest\bin\java.dll
0x00007ffc0e780000 - 0x00007ffc0e8ab000 	C:\Windows\System32\ole32.dll
0x00007ffc0cd10000 - 0x00007ffc0d065000 	C:\Windows\System32\combase.dll
0x00007ffc0dcc0000 - 0x00007ffc0e42f000 	C:\Windows\System32\SHELL32.dll
0x00007ffc0a300000 - 0x00007ffc0aaa3000 	C:\Windows\SYSTEM32\windows.storage.dll
0x00007ffc0bdb0000 - 0x00007ffc0bddb000 	C:\Windows\SYSTEM32\Wldp.dll
0x00007ffc0d6c0000 - 0x00007ffc0d78d000 	C:\Windows\System32\OLEAUT32.dll
0x00007ffc0d7f0000 - 0x00007ffc0d89d000 	C:\Windows\System32\SHCORE.dll
0x00007ffc0d8a0000 - 0x00007ffc0d8f5000 	C:\Windows\System32\shlwapi.dll
0x00007ffc0c2b0000 - 0x00007ffc0c2d5000 	C:\Windows\SYSTEM32\profapi.dll
0x00007ffb856c0000 - 0x00007ffb85797000 	C:\Users\MSI\AppData\Roaming\Code\User\globalStorage\pleiades.java-extension-pack-jdk\java\latest\bin\jsvml.dll
0x00007ffbd3fe0000 - 0x00007ffbd3ff0000 	C:\Users\MSI\AppData\Roaming\Code\User\globalStorage\pleiades.java-extension-pack-jdk\java\latest\bin\net.dll
0x00007ffc0bb10000 - 0x00007ffc0bb7c000 	C:\Windows\system32\mswsock.dll
0x00007ffbd3fc0000 - 0x00007ffbd3fd6000 	C:\Users\MSI\AppData\Roaming\Code\User\globalStorage\pleiades.java-extension-pack-jdk\java\latest\bin\nio.dll
0x00007ffbd3e40000 - 0x00007ffbd3e57000 	C:\Users\MSI\AppData\Roaming\Code\User\globalStorage\pleiades.java-extension-pack-jdk\java\latest\bin\zip.dll
0x00007ffbbb750000 - 0x00007ffbbb759000 	C:\Program Files\Java\jdk-17\bin\attach.dll
0x00007ffc0e430000 - 0x00007ffc0e438000 	C:\Windows\System32\PSAPI.DLL

dbghelp: loaded successfully - version: 4.0.5 - missing functions: none
symbol engine: initialized successfully - sym options: 0x614 - pdb path: .;C:\Users\MSI\AppData\Roaming\Code\User\globalStorage\pleiades.java-extension-pack-jdk\java\latest\bin;C:\Windows\SYSTEM32;C:\Windows\WinSxS\amd64_microsoft.windows.common-controls_6595b64144ccf1df_6.0.19041.4355_none_60b8b9eb71f62e16;C:\Users\MSI\AppData\Roaming\Code\User\globalStorage\pleiades.java-extension-pack-jdk\java\latest\bin\server;C:\Program Files\Java\jdk-17\bin

VM Arguments:
jvm_args: -Dstdout.encoding=UTF-8 -Dstderr.encoding=UTF-8 -Dnet.bytebuddy.agent.attacher.dump= 
java_command: net.bytebuddy.agent.Attacher com.sun.tools.attach.VirtualMachine 9620 C:\Users\MSI\.m2\repository\net\bytebuddy\byte-buddy-agent\1.15.11\byte-buddy-agent-1.15.11.jar false 
java_class_path (initial): C:\Users\MSI\.m2\repository\net\bytebuddy\byte-buddy-agent\1.15.11\byte-buddy-agent-1.15.11.jar
Launcher Type: SUN_STANDARD

[Global flags]
     intx CICompilerCount                          = 4                                         {product} {ergonomic}
     uint ConcGCThreads                            = 3                                         {product} {ergonomic}
     uint G1ConcRefinementThreads                  = 10                                        {product} {ergonomic}
   size_t G1HeapRegionSize                         = 2097152                                   {product} {ergonomic}
   size_t InitialHeapSize                          = 264241152                                 {product} {ergonomic}
   size_t MarkStackSize                            = 4194304                                   {product} {ergonomic}
   size_t MarkStackSizeMax                         = 536870912                                 {product} {ergonomic}
   size_t MaxHeapSize                              = 4217372672                                {product} {ergonomic}
   size_t MaxNewSize                               = 2529165312                                {product} {ergonomic}
   size_t MinHeapDeltaBytes                        = 2097152                                   {product} {ergonomic}
   size_t MinHeapSize                              = 8388608                                   {product} {ergonomic}
    uintx NonNMethodCodeHeapSize                   = 5832704                                {pd product} {ergonomic}
    uintx NonProfiledCodeHeapSize                  = 122945536                              {pd product} {ergonomic}
    uintx ProfiledCodeHeapSize                     = 122880000                              {pd product} {ergonomic}
    uintx ReservedCodeCacheSize                    = 251658240                              {pd product} {ergonomic}
     bool SegmentedCodeCache                       = true                                      {product} {ergonomic}
   size_t SoftMaxHeapSize                          = 4217372672                             {manageable} {ergonomic}
     bool UseCompressedOops                        = true                           {product lp64_product} {ergonomic}
     bool UseG1GC                                  = true                                      {product} {ergonomic}
     bool UseLargePagesIndividualAllocation        = false                                  {pd product} {ergonomic}

Logging:
Log output configuration:
 #0: stdout all=warning uptime,level,tags foldmultilines=false
 #1: stderr all=off uptime,level,tags foldmultilines=false

Environment Variables:
JAVA_HOME=C:\Users\MSI\AppData\Roaming\Code\User\globalStorage\pleiades.java-extension-pack-jdk\java\latest
JAVA_TOOL_OPTIONS=-Dstdout.encoding=UTF-8 -Dstderr.encoding=UTF-8
PATH=C:\Users\MSI\AppData\Roaming\Code\User\globalStorage\pleiades.java-extension-pack-jdk\gradle\latest\bin;C:\Users\MSI\AppData\Roaming\Code\User\globalStorage\pleiades.java-extension-pack-jdk\maven\latest\bin;C:\Users\MSI\AppData\Roaming\Code\User\globalStorage\pleiades.java-extension-pack-jdk\java\latest\bin;C:\Python313\Scripts\;C:\Python313\;C:\Program Files\Common Files\Oracle\Java\javapath;C:\Windows\system32;C:\Windows;C:\Windows\System32\Wbem;C:\Windows\System32\WindowsPowerShell\v1.0\;C:\Windows\System32\OpenSSH\;C:\Program Files\NVIDIA Corporation\NVIDIA app\NvDLISR;C:\Program Files (x86)\NVIDIA Corporation\PhysX\Common;C:\Program Files\dotnet\;C:\Users\MSI\Desktop\jre-1.8\bin;C:\Program Files\Git\cmd;C:\Program Files\nodejs\;C:\ProgramData\chocolatey\bin;C:\Users\MSI\AppData\Roaming\npm;C:\Users\MSI\AppData\Roaming\npm;C:\Program Files\MySQL\MySQL Server 8.0\bin;C:\Program Files\Apache\maven\apache-maven-3.9.9\bin;C:\Program Files\Java\jdk-17\bin;C:\Program Files\MySQL\MySQL Shell 8.0\bin\;C:\Users\MSI\AppData\Local\Microsoft\WindowsApps;C:\Users\MSI\AppData\Roaming\npm;C:\Users\MSI\AppData\Local\Programs\Microsoft VS Code\bin
USERNAME=MSI
LANG=en_US.UTF-8
OS=Windows_NT
PROCESSOR_IDENTIFIER=Intel64 Family 6 Model 141 Stepping 1, GenuineIntel
TMP=C:\Users\MSI\AppData\Local\Temp
TEMP=C:\Users\MSI\AppData\Local\Temp




Periodic native trim disabled

---------------  S Y S T E M  ---------------

OS:
 Windows 10 , 64 bit Build 19041 (10.0.19041.5678)
OS uptime: 1 days 20:06 hours

CPU: total 12 (initial active 12) (6 cores per cpu, 2 threads per core) family 6 model 141 stepping 1 microcode 0x3e, cx8, cmov, fxsr, ht, mmx, 3dnowpref, sse, sse2, sse3, ssse3, sse4.1, sse4.2, popcnt, lzcnt, tsc, tscinvbit, avx, avx2, aes, erms, clmul, bmi1, bmi2, adx, avx512f, avx512dq, avx512cd, avx512bw, avx512vl, sha, fma, vzeroupper, avx512_vpopcntdq, avx512_vpclmulqdq, avx512_vaes, avx512_vnni, clflush, clflushopt, clwb, avx512_vbmi2, avx512_vbmi, rdtscp, rdpid, fsrm, gfni, avx512_bitalg, f16c, pku, cet_ibt, cet_ss, avx512_ifma
Processor Information for the first 12 processors :
  Max Mhz: 2688, Current Mhz: 2688, Mhz Limit: 2688

Memory: 4k page, system-wide physical 16085M (5606M free)
TotalPageFile size 23765M (AvailPageFile size 7806M)
current process WorkingSet (physical memory assigned to process): 48M, peak: 48M
current process commit charge ("private bytes"): 350M, peak: 350M

vm_info: OpenJDK 64-Bit Server VM (24+36) for windows-amd64 JRE (24+36), built on 2025-03-18T00:00:00Z with MS VC++ 17.7 (VS2022)

END.
